#
# There is insufficient memory for the Java Runtime Environment to continue.
# Native memory allocation (malloc) failed to allocate 131072 bytes for AllocateHeap
# Possible reasons:
#   The system is out of physical RAM or swap space
#   In 32 bit mode, the process size limit was hit
# Possible solutions:
#   Reduce memory load on the system
#   Increase physical memory or swap space
#   Check if swap backing store is full
#   Use 64 bit Java on a 64 bit OS
#   Decrease Java heap size (-Xmx/-Xms)
#   Decrease number of Java threads
#   Decrease Java thread stack sizes (-Xss)
#   Set larger code cache with -XX:ReservedCodeCacheSize=
# This output file may be truncated or incomplete.
#
#  Out of Memory Error (memory/allocation.inline.hpp:61), pid=25664, tid=0x0000000000004734
#
# JRE version:  (8.0_111-b14) (build )
# Java VM: Java HotSpot(TM) 64-Bit Server VM (25.111-b14 mixed mode windows-amd64 compressed oops)
# Failed to write core dump. Minidumps are not enabled by default on client versions of Windows
#

---------------  T H R E A D  ---------------

Current thread (0x000000000247c000):  JavaThread "Unknown thread" [_thread_in_vm, id=18228, stack(0x00000000027e0000,0x00000000028e0000)]

Stack: [0x00000000027e0000,0x00000000028e0000]
[error occurred during error reporting (printing stack bounds), id 0xc0000005]

Native frames: (J=compiled Java code, j=interpreted, Vv=VM code, C=native code)


---------------  P R O C E S S  ---------------

Java Threads: ( => current thread )

Other Threads:

=>0x000000000247c000 (exited) JavaThread "Unknown thread" [_thread_in_vm, id=18228, stack(0x00000000027e0000,0x00000000028e0000)]

VM state:not at safepoint (normal execution)

VM Mutex/Monitor currently owned by a thread: None

Heap:
 PSYoungGen      total 112128K, used 1925K [0x0000000742f80000, 0x000000074ac80000, 0x00000007c0000000)
  eden space 96256K, 2% used [0x0000000742f80000,0x0000000743161488,0x0000000748d80000)
  from space 15872K, 0% used [0x0000000749d00000,0x0000000749d00000,0x000000074ac80000)
  to   space 15872K, 0% used [0x0000000748d80000,0x0000000748d80000,0x0000000749d00000)
 ParOldGen       total 257024K, used 0K [0x0000000648e00000, 0x0000000658900000, 0x0000000742f80000)
  object space 257024K, 0% used [0x0000000648e00000,0x0000000648e00000,0x0000000658900000)
 Metaspace       used 781K, capacity 4480K, committed 4480K, reserved 1056768K
  class space    used 75K, capacity 384K, committed 384K, reserved 1048576K

Card table byte_map: [0x0000000011ca0000,0x0000000012860000] byte_map_base: 0x000000000ea59000

Marking Bits: (ParMarkBitMap*) 0x000000007042a6c0
 Begin Bits: [0x00000000135d0000, 0x0000000019398000)
 End Bits:   [0x0000000019398000, 0x000000001f160000)

Polling page: 0x0000000001ba0000

CodeCache: size=245760Kb used=328Kb max_used=328Kb free=245431Kb
 bounds [0x00000000028e0000, 0x0000000002b50000, 0x00000000118e0000]
 total_blobs=58 nmethods=0 adapters=38
 compilation: enabled

Compilation events (0 events):
No events

GC Heap History (0 events):
No events

Deoptimization events (0 events):
No events

Internal exceptions (0 events):
No events

Events (10 events):
Event: 0.052 loading class java/lang/Short
Event: 0.053 loading class java/lang/Short done
Event: 0.053 loading class java/lang/Integer
Event: 0.053 loading class java/lang/Integer done
Event: 0.053 loading class java/lang/Long
Event: 0.053 loading class java/lang/Long done
Event: 0.054 loading class java/lang/NullPointerException
Event: 0.054 loading class java/lang/NullPointerException done
Event: 0.054 loading class java/lang/ArithmeticException
Event: 0.054 loading class java/lang/ArithmeticException done


Dynamic libraries:
0x000000013f1b0000 - 0x000000013f1e7000 	C:\Program Files\Java\jdk1.8.0_111\bin\java.exe
0x0000000076fd0000 - 0x000000007716f000 	C:\WINDOWS\SYSTEM32\ntdll.dll
0x0000000076db0000 - 0x0000000076ecf000 	C:\WINDOWS\system32\kernel32.dll
0x000007fefcda0000 - 0x000007fefce07000 	C:\WINDOWS\system32\KERNELBASE.dll
0x00000000747e0000 - 0x0000000074872000 	C:\WINDOWS\System32\SYSFER.DLL
0x000007fefe5e0000 - 0x000007fefe6bb000 	C:\WINDOWS\system32\ADVAPI32.dll
0x000007fefe830000 - 0x000007fefe8cf000 	C:\WINDOWS\system32\msvcrt.dll
0x000007fefe810000 - 0x000007fefe82f000 	C:\WINDOWS\SYSTEM32\sechost.dll
0x000007feff190000 - 0x000007feff2bc000 	C:\WINDOWS\system32\RPCRT4.dll
0x0000000076ed0000 - 0x0000000076fca000 	C:\WINDOWS\system32\USER32.dll
0x000007fefe790000 - 0x000007fefe7f7000 	C:\WINDOWS\system32\GDI32.dll
0x000007fefe800000 - 0x000007fefe80e000 	C:\WINDOWS\system32\LPK.dll
0x000007fefe6c0000 - 0x000007fefe78b000 	C:\WINDOWS\system32\USP10.dll
0x000007fefb2b0000 - 0x000007fefb4a5000 	C:\WINDOWS\WinSxS\amd64_microsoft.windows.common-controls_6595b64144ccf1df_6.0.7601.24483_none_e372d88f30fbb845\COMCTL32.dll
0x000007feff000000 - 0x000007feff071000 	C:\WINDOWS\system32\SHLWAPI.dll
0x0000000077180000 - 0x0000000077187000 	C:\WINDOWS\system32\psapi.dll
0x000007fefea60000 - 0x000007fefea8e000 	C:\WINDOWS\system32\IMM32.DLL
0x000007feff080000 - 0x000007feff18b000 	C:\WINDOWS\system32\MSCTF.dll
0x0000000074880000 - 0x0000000074896000 	C:\WINDOWS\system32\PGPmapih.dll
0x000007fefc860000 - 0x000007fefc9e8000 	C:\Program Files\Avecto\Privilege Guard Client\PGHook.dll
0x000007fefc850000 - 0x000007fefc853000 	C:\WINDOWS\system32\api-ms-win-core-synch-l1-2-0.DLL
0x000007fefc830000 - 0x000007fefc848000 	C:\WINDOWS\system32\CRYPTSP.dll
0x000007fefc7e0000 - 0x000007fefc827000 	C:\WINDOWS\system32\rsaenh.dll
0x000007fefc7d0000 - 0x000007fefc7df000 	C:\WINDOWS\system32\CRYPTBASE.dll
0x000007fefcfd0000 - 0x000007fefdd5b000 	C:\WINDOWS\system32\shell32.dll
0x0000000078fc0000 - 0x0000000079092000 	C:\Program Files\Java\jdk1.8.0_111\jre\bin\msvcr100.dll
0x000000006fc10000 - 0x00000000704aa000 	C:\Program Files\Java\jdk1.8.0_111\jre\bin\server\jvm.dll
0x000007fef20c0000 - 0x000007fef20c9000 	C:\WINDOWS\system32\WSOCK32.dll
0x000007fefcee0000 - 0x000007fefcf2d000 	C:\WINDOWS\system32\WS2_32.dll
0x000007fefe0c0000 - 0x000007fefe0c8000 	C:\WINDOWS\system32\NSI.dll
0x000007fef77c0000 - 0x000007fef77fb000 	C:\WINDOWS\system32\WINMM.dll
0x000007fefb970000 - 0x000007fefb97c000 	C:\WINDOWS\system32\VERSION.dll
0x0000000070950000 - 0x000000007095f000 	C:\Program Files\Java\jdk1.8.0_111\jre\bin\verify.dll
0x000000006d590000 - 0x000000006d5b9000 	C:\Program Files\Java\jdk1.8.0_111\jre\bin\java.dll
0x00000000699d0000 - 0x0000000069a05000 	C:\Program Files\Java\jdk1.8.0_111\jre\bin\jdwp.dll
0x0000000069a30000 - 0x0000000069a38000 	C:\Program Files\Java\jdk1.8.0_111\jre\bin\npt.dll
0x00000000020d0000 - 0x00000000020e6000 	C:\Program Files\Java\jdk1.8.0_111\jre\bin\zip.dll

VM Arguments:
jvm_args: -agentlib:jdwp=transport=dt_socket,address=127.0.0.1:41045,suspend=y,server=n -Dvisualvm.id=468622416733147 -XX:TieredStopAtLevel=1 -Xverify:none -Dspring.output.ansi.enabled=always -Dcom.sun.management.jmxremote -Dcom.sun.management.jmxremote.port=41044 -Dcom.sun.management.jmxremote.authenticate=false -Dcom.sun.management.jmxremote.ssl=false -Dspring.liveBeansView.mbeanDomain -Dspring.application.admin.enabled=true -Dfile.encoding=UTF-8 
java_command: com.soliduslabs.App
java_class_path (initial): C:\Program Files\Java\jdk1.8.0_111\jre\lib\charsets.jar;C:\Program Files\Java\jdk1.8.0_111\jre\lib\deploy.jar;C:\Program Files\Java\jdk1.8.0_111\jre\lib\ext\access-bridge-64.jar;C:\Program Files\Java\jdk1.8.0_111\jre\lib\ext\cldrdata.jar;C:\Program Files\Java\jdk1.8.0_111\jre\lib\ext\dnsns.jar;C:\Program Files\Java\jdk1.8.0_111\jre\lib\ext\jaccess.jar;C:\Program Files\Java\jdk1.8.0_111\jre\lib\ext\jfxrt.jar;C:\Program Files\Java\jdk1.8.0_111\jre\lib\ext\localedata.jar;C:\Program Files\Java\jdk1.8.0_111\jre\lib\ext\nashorn.jar;C:\Program Files\Java\jdk1.8.0_111\jre\lib\ext\sunec.jar;C:\Program Files\Java\jdk1.8.0_111\jre\lib\ext\sunjce_provider.jar;C:\Program Files\Java\jdk1.8.0_111\jre\lib\ext\sunmscapi.jar;C:\Program Files\Java\jdk1.8.0_111\jre\lib\ext\sunpkcs11.jar;C:\Program Files\Java\jdk1.8.0_111\jre\lib\ext\zipfs.jar;C:\Program Files\Java\jdk1.8.0_111\jre\lib\javaws.jar;C:\Program Files\Java\jdk1.8.0_111\jre\lib\jce.jar;C:\Program Files\Java\jdk1.8.0_111\jre\lib\jfr.jar;C:\Program Files\Java\jdk1.8.0_111\jre\lib\jfxswt.jar;C:\Program Files\Java\jdk1.8.0_111\jre\lib\jsse.jar;C:\Program Files\Java\jdk1.8.0_111\jre\lib\management-agent.jar;C:\Program Files\Java\jdk1.8.0_111\jre\lib\plugin.jar;C:\Program Files\Java\jdk1.8.0_111\jre\lib\resources.jar;C:\Program Files\Java\jdk1.8.0_111\jre\lib\rt.jar;C:\Users\shanish\Desktop\Personal\Inter\gift-card-handler\target\classes;C:\Users\shanish\.m2\repository\org\springframework\boot\spring-boot-starter\2.0.0.RELEASE\spring-boot-starter-2.0.0.RELEASE.jar;C:\Users\shanish\.m2\repository\org\springframework\boot\spring-boot\2.0.0.RELEASE\spring-boot-2.0.0.RELEASE.jar;C:\Users\shanish\.m2\repository\org\springframework\spring-context\5.0.4.RELEASE\spring-context-5.0.4.RELEASE.jar;C:\Users\shanish\.m2\repository\org\springframework\spring-aop\5.0.4.RELEASE\spring-aop-5.0.4.RELEASE.jar;C:\Users\shanish\.m2\repository\org\springframework\spring-beans\5.0.4.RELEASE\spring-beans-5.0.4.RELEASE.jar;C:\U
Launcher Type: SUN_STANDARD

Environment Variables:
JAVA_HOME=C:\Program Files\Java\jdk1.8.0_111
USERNAME=shanish
OS=Windows_NT
PROCESSOR_IDENTIFIER=Intel64 Family 6 Model 78 Stepping 3, GenuineIntel



---------------  S Y S T E M  ---------------

OS: Windows 7 , 64 bit Build 7601 (6.1.7601.24511)

CPU:total 4 (2 cores per cpu, 2 threads per core) family 6 model 78 stepping 3, cmov, cx8, fxsr, mmx, sse, sse2, sse3, ssse3, sse4.1, sse4.2, popcnt, avx, avx2, aes, clmul, erms, 3dnowpref, lzcnt, ht, tsc, tscinvbit, bmi1, bmi2, adx

Memory: 4k page, physical 24579380k(2384280k free), swap 24577480k(4104k free)

vm_info: Java HotSpot(TM) 64-Bit Server VM (25.111-b14) for windows-amd64 JRE (1.8.0_111-b14), built on Sep 22 2016 19:24:05 by "java_re" with MS VC++ 10.0 (VS2010)

time: Sat Sep 21 19:44:44 2019
elapsed time: 0 seconds (0d 0h 0m 0s)

